  Compiling the PiPL
  Microsoft (R) C/C++ Optimizing Compiler Version 19.16.27024.1 for x64
  Copyright (C) Microsoft Corporation.  All rights reserved.
  
  GLatorPiPL.r
  Microsoft (R) C/C++ Optimizing Compiler Version 19.16.27024.1 for x64
  Copyright (C) Microsoft Corporation.  All rights reserved.
  
  GLatorPiPL.rrc
  Copying Fragment Shader...
          1 file(s) copied.
  Copying Vertex Shader...
          1 file(s) copied.
  Copying Fragment Shader...
          1 file(s) copied.
  AEFX_SuiteHelper.c
  AEGP_SuiteHandler.cpp
  Smart_Utils.cpp
  AbstractFunction.cpp
  AbstractValue.cpp
  Binding.cpp
  Binding_objects.cpp
  callbacks.cpp
  ContextHandle.cpp
  ContextInfo.cpp
  functions.cpp
  types.cpp
  logging.cpp
  Meta.cpp
  Meta_BitfieldsByString.cpp
  Meta_BooleansByString.cpp
  Meta_EnumsByString.cpp
  Meta_ExtensionsByFunctionString.cpp
  Meta_ExtensionsByString.cpp
  Meta_FunctionStringsByExtension.cpp
  Meta_ReqVersionsByExtension.cpp
  Meta_StringsByBitfield.cpp
  Meta_StringsByBoolean.cpp
  Meta_StringsByEnum.cpp
  Meta_StringsByExtension.cpp
  ProcAddress.cpp
  Value.cpp
  Version.cpp
  Version_ValidVersions.cpp
  GL_base.cpp
  GLator_Strings.cpp
  MissingSuiteError.cpp
  GLator.cpp
     Creating library x64\Release\/GLator.lib and object x64\Release\/GLator.exp
  GLator.vcxproj -> I:\Adobe.After.Effects.CC.16.0.0.235.x64.Portable\After.Effects.16\App\Ae\Plug-ins\GLator.aex
